\BOOKMARK [1][-]{section.1}{Introduction}{}% 1
\BOOKMARK [2][-]{subsection.1.1}{Purpose}{section.1}% 2
\BOOKMARK [2][-]{subsection.1.2}{Scope}{section.1}% 3
\BOOKMARK [2][-]{subsection.1.3}{Definitons, Acronyms \046 Abbreviations}{section.1}% 4
\BOOKMARK [2][-]{subsection.1.4}{References}{section.1}% 5
\BOOKMARK [2][-]{subsection.1.5}{Overview}{section.1}% 6
\BOOKMARK [1][-]{section.2}{Overall Description}{}% 7
\BOOKMARK [2][-]{subsection.2.1}{Product Perspective}{section.2}% 8
\BOOKMARK [2][-]{subsection.2.2}{Product Functions}{section.2}% 9
\BOOKMARK [2][-]{subsection.2.3}{User Characteristics}{section.2}% 10
\BOOKMARK [2][-]{subsection.2.4}{Constraints}{section.2}% 11
\BOOKMARK [2][-]{subsection.2.5}{Assumptions \046 Dependencies}{section.2}% 12
\BOOKMARK [3][-]{subsubsection.2.5.1}{Factors that may affect the requirements stated in SRS}{subsection.2.5}% 13
\BOOKMARK [3][-]{subsubsection.2.5.2}{Environment Factors \(Program Environment\)}{subsection.2.5}% 14
\BOOKMARK [2][-]{subsection.2.6}{Apportioning of Requirements}{section.2}% 15
\BOOKMARK [1][-]{section.3}{Functional Requirements}{}% 16
\BOOKMARK [1][-]{section.4}{Non-Functional Requirements}{}% 17
\BOOKMARK [2][-]{subsection.4.1}{Look and Feel Requirements}{section.4}% 18
\BOOKMARK [3][-]{subsubsection.4.1.1}{Appearance Requirements}{subsection.4.1}% 19
\BOOKMARK [3][-]{subsubsection.4.1.2}{Style Requirements}{subsection.4.1}% 20
\BOOKMARK [2][-]{subsection.4.2}{Usability and Humanity Requirements}{section.4}% 21
\BOOKMARK [3][-]{subsubsection.4.2.1}{Ease of Use Requirements}{subsection.4.2}% 22
\BOOKMARK [3][-]{subsubsection.4.2.2}{Personalization and Internationalization Requirements}{subsection.4.2}% 23
\BOOKMARK [3][-]{subsubsection.4.2.3}{Learning Requirements}{subsection.4.2}% 24
\BOOKMARK [3][-]{subsubsection.4.2.4}{Understandability and Politeness Requirements}{subsection.4.2}% 25
\BOOKMARK [3][-]{subsubsection.4.2.5}{Accessibility Requirements}{subsection.4.2}% 26
\BOOKMARK [2][-]{subsection.4.3}{Performance Requirements}{section.4}% 27
\BOOKMARK [3][-]{subsubsection.4.3.1}{Speed and Latency Requirements}{subsection.4.3}% 28
\BOOKMARK [3][-]{subsubsection.4.3.2}{Safety-Critical Requirements}{subsection.4.3}% 29
\BOOKMARK [3][-]{subsubsection.4.3.3}{Precision or Accuracy Requirements}{subsection.4.3}% 30
\BOOKMARK [3][-]{subsubsection.4.3.4}{Reliability and Availability Requirements}{subsection.4.3}% 31
\BOOKMARK [3][-]{subsubsection.4.3.5}{Capacity Requirements}{subsection.4.3}% 32
\BOOKMARK [3][-]{subsubsection.4.3.6}{Scalability or Extensibility Requirements}{subsection.4.3}% 33
\BOOKMARK [3][-]{subsubsection.4.3.7}{Longevity Requirements}{subsection.4.3}% 34
\BOOKMARK [3][-]{subsubsection.4.3.8}{Robustness or Fault-Tolerance Requirements}{subsection.4.3}% 35
\BOOKMARK [2][-]{subsection.4.4}{Operational and Environmental Requirements}{section.4}% 36
\BOOKMARK [3][-]{subsubsection.4.4.1}{Expected Physical Environment}{subsection.4.4}% 37
\BOOKMARK [2][-]{subsection.4.5}{Requirements for interfacing with Adjacent Systems}{section.4}% 38
\BOOKMARK [2][-]{subsection.4.6}{Productization Requirements}{section.4}% 39
\BOOKMARK [2][-]{subsection.4.7}{Release Requirements}{section.4}% 40
\BOOKMARK [2][-]{subsection.4.8}{Maintainability \046 Support Requirements}{section.4}% 41
\BOOKMARK [3][-]{subsubsection.4.8.1}{Maintenance Requirements}{subsection.4.8}% 42
\BOOKMARK [3][-]{subsubsection.4.8.2}{Supportability Requirements}{subsection.4.8}% 43
\BOOKMARK [3][-]{subsubsection.4.8.3}{Adaptability Requirements}{subsection.4.8}% 44
\BOOKMARK [2][-]{subsection.4.9}{Security Requirements}{section.4}% 45
\BOOKMARK [3][-]{subsubsection.4.9.1}{Access Requirements}{subsection.4.9}% 46
\BOOKMARK [3][-]{subsubsection.4.9.2}{Integrity Requirements}{subsection.4.9}% 47
\BOOKMARK [3][-]{subsubsection.4.9.3}{Privacy Requirements}{subsection.4.9}% 48
\BOOKMARK [3][-]{subsubsection.4.9.4}{Audit Requirements}{subsection.4.9}% 49
\BOOKMARK [3][-]{subsubsection.4.9.5}{Immunity Requirements}{subsection.4.9}% 50
\BOOKMARK [2][-]{subsection.4.10}{Cultural and Political Requirements}{section.4}% 51
\BOOKMARK [3][-]{subsubsection.4.10.1}{Cultural}{subsection.4.10}% 52
\BOOKMARK [3][-]{subsubsection.4.10.2}{Political}{subsection.4.10}% 53
\BOOKMARK [2][-]{subsection.4.11}{Legal Requirements}{section.4}% 54
\BOOKMARK [3][-]{subsubsection.4.11.1}{Compliance}{subsection.4.11}% 55
\BOOKMARK [3][-]{subsubsection.4.11.2}{Standards}{subsection.4.11}% 56
